<?xml version="1.0" encoding="UTF-8"?>
<coverage generated="1508247007">
  <project timestamp="1508247007">
    <file name="/var/www/html/kppl-leli/application/controllers/Admin.php">
      <class name="Admin" namespace="global">
        <metrics methods="2" coveredmethods="2" conditionals="0" coveredconditionals="0" statements="4" coveredstatements="4" elements="6" coveredelements="6"/>
      </class>
      <line num="2" type="stmt" count="1"/>
      <line num="6" type="method" name="__construct" crap="1" count="1"/>
      <line num="7" type="stmt" count="1"/>
      <line num="8" type="stmt" count="1"/>
      <line num="9" type="method" name="index" crap="1" count="1"/>
      <line num="10" type="stmt" count="1"/>
      <line num="11" type="stmt" count="1"/>
      <line num="14" type="stmt" count="1"/>
      <metrics loc="13" ncloc="13" classes="1" methods="2" coveredmethods="2" conditionals="0" coveredconditionals="0" statements="5" coveredstatements="5" elements="7" coveredelements="7"/>
    </file>
    <file name="/var/www/html/kppl-leli/application/controllers/Barang.php">
      <class name="Barang" namespace="global">
        <metrics methods="5" coveredmethods="5" conditionals="0" coveredconditionals="0" statements="55" coveredstatements="51" elements="60" coveredelements="56"/>
      </class>
      <line num="2" type="stmt" count="1"/>
      <line num="6" type="method" name="__construct" crap="2.02" count="6"/>
      <line num="7" type="stmt" count="6"/>
      <line num="8" type="stmt" count="6"/>
      <line num="9" type="stmt" count="6"/>
      <line num="10" type="stmt" count="1"/>
      <line num="11" type="stmt" count="0"/>
      <line num="12" type="stmt" count="5"/>
      <line num="13" type="method" name="add" crap="2.00" count="2"/>
      <line num="14" type="stmt" count="2"/>
      <line num="15" type="stmt" count="2"/>
      <line num="16" type="stmt" count="2"/>
      <line num="18" type="stmt" count="2"/>
      <line num="20" type="stmt" count="2"/>
      <line num="21" type="stmt" count="1"/>
      <line num="22" type="stmt" count="1"/>
      <line num="23" type="stmt" count="1"/>
      <line num="24" type="stmt" count="1"/>
      <line num="25" type="stmt" count="1"/>
      <line num="26" type="stmt" count="1"/>
      <line num="27" type="stmt" count="1"/>
      <line num="28" type="stmt" count="1"/>
      <line num="29" type="stmt" count="1"/>
      <line num="30" type="stmt" count="1"/>
      <line num="33" type="stmt" count="1"/>
      <line num="34" type="stmt" count="0"/>
      <line num="36" type="stmt" count="1"/>
      <line num="38" type="stmt" count="1"/>
      <line num="55" type="method" name="update" crap="2.00" count="2"/>
      <line num="56" type="stmt" count="2"/>
      <line num="57" type="stmt" count="2"/>
      <line num="58" type="stmt" count="2"/>
      <line num="59" type="stmt" count="2"/>
      <line num="60" type="stmt" count="2"/>
      <line num="62" type="stmt" count="2"/>
      <line num="64" type="stmt" count="1"/>
      <line num="65" type="stmt" count="1"/>
      <line num="66" type="stmt" count="1"/>
      <line num="67" type="stmt" count="1"/>
      <line num="68" type="stmt" count="1"/>
      <line num="69" type="stmt" count="1"/>
      <line num="70" type="stmt" count="1"/>
      <line num="71" type="stmt" count="1"/>
      <line num="73" type="stmt" count="0"/>
      <line num="75" type="stmt" count="1"/>
      <line num="77" type="stmt" count="1"/>
      <line num="78" type="method" name="destroy" crap="1.01" count="2"/>
      <line num="79" type="stmt" count="2"/>
      <line num="80" type="stmt" count="1"/>
      <line num="81" type="stmt" count="1"/>
      <line num="82" type="stmt" count="1"/>
      <line num="83" type="stmt" count="0"/>
      <line num="85" type="method" name="upload" crap="1" count="2"/>
      <line num="87" type="stmt" count="2"/>
      <line num="88" type="stmt" count="2"/>
      <line num="89" type="stmt" count="2"/>
      <line num="90" type="stmt" count="2"/>
      <line num="91" type="stmt" count="2"/>
      <line num="92" type="stmt" count="2"/>
      <line num="93" type="stmt" count="2"/>
      <line num="94" type="stmt" count="2"/>
      <line num="97" type="stmt" count="1"/>
      <metrics loc="96" ncloc="56" classes="1" methods="5" coveredmethods="1" conditionals="0" coveredconditionals="0" statements="56" coveredstatements="52" elements="61" coveredelements="53"/>
    </file>
    <file name="/var/www/html/kppl-leli/application/controllers/Dashboard.php">
      <class name="Dashboard" namespace="global">
        <metrics methods="6" coveredmethods="6" conditionals="0" coveredconditionals="0" statements="55" coveredstatements="54" elements="61" coveredelements="60"/>
      </class>
      <line num="2" type="stmt" count="1"/>
      <line num="6" type="method" name="__construct" crap="2.01" count="7"/>
      <line num="7" type="stmt" count="7"/>
      <line num="8" type="stmt" count="7"/>
      <line num="9" type="stmt" count="7"/>
      <line num="10" type="stmt" count="7"/>
      <line num="11" type="stmt" count="7"/>
      <line num="12" type="stmt" count="1"/>
      <line num="13" type="stmt" count="0"/>
      <line num="14" type="stmt" count="6"/>
      <line num="15" type="method" name="index" crap="5" count="5"/>
      <line num="16" type="stmt" count="2"/>
      <line num="17" type="stmt" count="2"/>
      <line num="19" type="stmt" count="2"/>
      <line num="20" type="stmt" count="1"/>
      <line num="21" type="stmt" count="1"/>
      <line num="22" type="stmt" count="1"/>
      <line num="24" type="stmt" count="5"/>
      <line num="25" type="stmt" count="3"/>
      <line num="26" type="stmt" count="1"/>
      <line num="27" type="stmt" count="1"/>
      <line num="30" type="stmt" count="2"/>
      <line num="32" type="stmt" count="2"/>
      <line num="35" type="stmt" count="2"/>
      <line num="36" type="stmt" count="2"/>
      <line num="37" type="stmt" count="1"/>
      <line num="39" type="stmt" count="1"/>
      <line num="40" type="stmt" count="1"/>
      <line num="41" type="stmt" count="1"/>
      <line num="43" type="stmt" count="2"/>
      <line num="44" type="method" name="tambah_barang" crap="2" count="1"/>
      <line num="45" type="stmt" count="1"/>
      <line num="46" type="stmt" count="1"/>
      <line num="52" type="stmt" count="1"/>
      <line num="53" type="stmt" count="1"/>
      <line num="54" type="stmt" count="1"/>
      <line num="57" type="stmt" count="1"/>
      <line num="58" type="stmt" count="1"/>
      <line num="59" type="stmt" count="1"/>
      <line num="60" type="stmt" count="1"/>
      <line num="61" type="method" name="withdraw" crap="1" count="1"/>
      <line num="62" type="stmt" count="1"/>
      <line num="63" type="stmt" count="1"/>
      <line num="64" type="method" name="edit" crap="1" count="1"/>
      <line num="65" type="stmt" count="1"/>
      <line num="67" type="stmt" count="1"/>
      <line num="68" type="stmt" count="1"/>
      <line num="69" type="stmt" count="1"/>
      <line num="70" type="stmt" count="1"/>
      <line num="71" type="stmt" count="1"/>
      <line num="72" type="method" name="ditawar" crap="2" count="1"/>
      <line num="73" type="stmt" count="1"/>
      <line num="74" type="stmt" count="1"/>
      <line num="76" type="stmt" count="1"/>
      <line num="77" type="stmt" count="1"/>
      <line num="78" type="stmt" count="1"/>
      <line num="80" type="stmt" count="1"/>
      <line num="81" type="stmt" count="1"/>
      <line num="82" type="stmt" count="1"/>
      <line num="83" type="stmt" count="1"/>
      <line num="84" type="stmt" count="1"/>
      <line num="90" type="stmt" count="1"/>
      <line num="92" type="stmt" count="1"/>
      <metrics loc="91" ncloc="79" classes="1" methods="6" coveredmethods="5" conditionals="0" coveredconditionals="0" statements="56" coveredstatements="55" elements="62" coveredelements="60"/>
    </file>
    <file name="/var/www/html/kppl-leli/application/controllers/Dompet.php">
      <class name="Dompet" namespace="global">
        <metrics methods="5" coveredmethods="5" conditionals="0" coveredconditionals="0" statements="60" coveredstatements="57" elements="65" coveredelements="62"/>
      </class>
      <line num="2" type="stmt" count="1"/>
      <line num="5" type="method" name="__construct" crap="2.01" count="8"/>
      <line num="6" type="stmt" count="8"/>
      <line num="7" type="stmt" count="8"/>
      <line num="8" type="stmt" count="8"/>
      <line num="9" type="stmt" count="8"/>
      <line num="10" type="stmt" count="1"/>
      <line num="11" type="stmt" count="0"/>
      <line num="12" type="stmt" count="7"/>
      <line num="13" type="method" name="add" crap="2.00" count="3"/>
      <line num="14" type="stmt" count="2"/>
      <line num="15" type="stmt" count="2"/>
      <line num="16" type="stmt" count="2"/>
      <line num="18" type="stmt" count="2"/>
      <line num="19" type="stmt" count="2"/>
      <line num="21" type="stmt" count="2"/>
      <line num="23" type="stmt" count="2"/>
      <line num="24" type="stmt" count="3"/>
      <line num="26" type="stmt" count="1"/>
      <line num="27" type="stmt" count="0"/>
      <line num="28" type="stmt" count="1"/>
      <line num="31" type="stmt" count="1"/>
      <line num="32" type="method" name="withdrawal" crap="3.00" count="4"/>
      <line num="33" type="stmt" count="3"/>
      <line num="34" type="stmt" count="3"/>
      <line num="35" type="stmt" count="3"/>
      <line num="37" type="stmt" count="3"/>
      <line num="38" type="stmt" count="3"/>
      <line num="40" type="stmt" count="3"/>
      <line num="42" type="stmt" count="3"/>
      <line num="44" type="stmt" count="2"/>
      <line num="45" type="stmt" count="1"/>
      <line num="46" type="stmt" count="1"/>
      <line num="47" type="stmt" count="0"/>
      <line num="48" type="stmt" count="1"/>
      <line num="50" type="stmt" count="1"/>
      <line num="51" type="stmt" count="1"/>
      <line num="54" type="stmt" count="2"/>
      <line num="56" type="method" name="myAmount" crap="1" count="4"/>
      <line num="57" type="stmt" count="4"/>
      <line num="58" type="stmt" count="4"/>
      <line num="59" type="stmt" count="4"/>
      <line num="60" type="stmt" count="4"/>
      <line num="61" type="stmt" count="4"/>
      <line num="62" type="stmt" count="4"/>
      <line num="65" type="method" name="index" crap="5" count="2"/>
      <line num="66" type="stmt" count="2"/>
      <line num="67" type="stmt" count="2"/>
      <line num="69" type="stmt" count="2"/>
      <line num="70" type="stmt" count="1"/>
      <line num="71" type="stmt" count="1"/>
      <line num="73" type="stmt" count="1"/>
      <line num="74" type="stmt" count="1"/>
      <line num="75" type="stmt" count="1"/>
      <line num="78" type="stmt" count="2"/>
      <line num="79" type="stmt" count="2"/>
      <line num="80" type="stmt" count="2"/>
      <line num="84" type="stmt" count="2"/>
      <line num="85" type="stmt" count="1"/>
      <line num="86" type="stmt" count="1"/>
      <line num="88" type="stmt" count="1"/>
      <line num="89" type="stmt" count="1"/>
      <line num="90" type="stmt" count="1"/>
      <line num="92" type="stmt" count="2"/>
      <line num="94" type="stmt" count="1"/>
      <metrics loc="93" ncloc="85" classes="1" methods="5" coveredmethods="2" conditionals="0" coveredconditionals="0" statements="61" coveredstatements="58" elements="66" coveredelements="60"/>
    </file>
    <file name="/var/www/html/kppl-leli/application/controllers/Lelang.php">
      <class name="Lelang" namespace="global">
        <metrics methods="2" coveredmethods="2" conditionals="0" coveredconditionals="0" statements="10" coveredstatements="8" elements="12" coveredelements="10"/>
      </class>
      <line num="2" type="stmt" count="1"/>
      <line num="6" type="method" name="__construct" crap="2.15" count="1"/>
      <line num="7" type="stmt" count="1"/>
      <line num="8" type="stmt" count="1"/>
      <line num="9" type="stmt" count="1"/>
      <line num="10" type="stmt" count="0"/>
      <line num="11" type="stmt" count="0"/>
      <line num="12" type="stmt" count="1"/>
      <line num="16" type="method" name="highestOffer" crap="1" count="1"/>
      <line num="17" type="stmt" count="1"/>
      <line num="18" type="stmt" count="1"/>
      <line num="19" type="stmt" count="1"/>
      <line num="20" type="stmt" count="1"/>
      <line num="22" type="stmt" count="1"/>
      <line num="32" type="stmt" count="1"/>
      <metrics loc="21" ncloc="17" classes="1" methods="2" coveredmethods="1" conditionals="0" coveredconditionals="0" statements="11" coveredstatements="9" elements="13" coveredelements="10"/>
    </file>
    <file name="/var/www/html/kppl-leli/application/controllers/Pembayaran.php">
      <class name="Pembayaran" namespace="global">
        <metrics methods="4" coveredmethods="4" conditionals="0" coveredconditionals="0" statements="28" coveredstatements="27" elements="32" coveredelements="31"/>
      </class>
      <line num="2" type="stmt" count="1"/>
      <line num="5" type="method" name="__construct" crap="2.01" count="3"/>
      <line num="6" type="stmt" count="3"/>
      <line num="7" type="stmt" count="3"/>
      <line num="10" type="stmt" count="3"/>
      <line num="11" type="stmt" count="1"/>
      <line num="12" type="stmt" count="0"/>
      <line num="13" type="stmt" count="2"/>
      <line num="14" type="method" name="doPay" crap="2" count="2"/>
      <line num="15" type="stmt" count="2"/>
      <line num="16" type="stmt" count="2"/>
      <line num="18" type="stmt" count="2"/>
      <line num="19" type="stmt" count="2"/>
      <line num="21" type="stmt" count="2"/>
      <line num="22" type="stmt" count="2"/>
      <line num="28" type="stmt" count="2"/>
      <line num="30" type="stmt" count="1"/>
      <line num="31" type="stmt" count="1"/>
      <line num="32" type="stmt" count="2"/>
      <line num="33" type="stmt" count="1"/>
      <line num="36" type="stmt" count="2"/>
      <line num="37" type="method" name="myAmount" crap="1" count="2"/>
      <line num="38" type="stmt" count="2"/>
      <line num="39" type="stmt" count="2"/>
      <line num="40" type="stmt" count="2"/>
      <line num="41" type="stmt" count="2"/>
      <line num="42" type="stmt" count="2"/>
      <line num="43" type="stmt" count="2"/>
      <line num="45" type="method" name="highestOffer" crap="1" count="2"/>
      <line num="46" type="stmt" count="2"/>
      <line num="47" type="stmt" count="2"/>
      <line num="48" type="stmt" count="2"/>
      <line num="51" type="stmt" count="1"/>
      <metrics loc="50" ncloc="32" classes="1" methods="4" coveredmethods="3" conditionals="0" coveredconditionals="0" statements="29" coveredstatements="28" elements="33" coveredelements="31"/>
    </file>
    <file name="/var/www/html/kppl-leli/application/controllers/Penawaran.php">
      <class name="Penawaran" namespace="global">
        <metrics methods="3" coveredmethods="3" conditionals="0" coveredconditionals="0" statements="48" coveredstatements="39" elements="51" coveredelements="42"/>
      </class>
      <line num="2" type="stmt" count="1"/>
      <line num="5" type="method" name="__construct" crap="2.01" count="6"/>
      <line num="6" type="stmt" count="6"/>
      <line num="7" type="stmt" count="6"/>
      <line num="8" type="stmt" count="6"/>
      <line num="9" type="stmt" count="1"/>
      <line num="10" type="stmt" count="0"/>
      <line num="11" type="stmt" count="5"/>
      <line num="12" type="method" name="doOffer" crap="4.18" count="5"/>
      <line num="13" type="stmt" count="3"/>
      <line num="14" type="stmt" count="3"/>
      <line num="16" type="stmt" count="3"/>
      <line num="18" type="stmt" count="3"/>
      <line num="20" type="stmt" count="3"/>
      <line num="21" type="stmt" count="4"/>
      <line num="22" type="stmt" count="3"/>
      <line num="24" type="stmt" count="2"/>
      <line num="25" type="stmt" count="5"/>
      <line num="26" type="stmt" count="2"/>
      <line num="28" type="stmt" count="2"/>
      <line num="29" type="stmt" count="2"/>
      <line num="31" type="stmt" count="0"/>
      <line num="32" type="stmt" count="2"/>
      <line num="34" type="stmt" count="0"/>
      <line num="36" type="stmt" count="0"/>
      <line num="37" type="stmt" count="0"/>
      <line num="38" type="stmt" count="0"/>
      <line num="40" type="stmt" count="2"/>
      <line num="42" type="stmt" count="1"/>
      <line num="45" type="stmt" count="1"/>
      <line num="47" type="stmt" count="1"/>
      <line num="48" type="stmt" count="1"/>
      <line num="50" type="stmt" count="0"/>
      <line num="51" type="stmt" count="0"/>
      <line num="53" type="stmt" count="1"/>
      <line num="54" type="stmt" count="1"/>
      <line num="56" type="stmt" count="1"/>
      <line num="57" type="stmt" count="1"/>
      <line num="58" type="stmt" count="1"/>
      <line num="62" type="stmt" count="2"/>
      <line num="63" type="method" name="withdrawOffer" crap="2.00" count="2"/>
      <line num="64" type="stmt" count="2"/>
      <line num="66" type="stmt" count="2"/>
      <line num="68" type="stmt" count="2"/>
      <line num="69" type="stmt" count="2"/>
      <line num="70" type="stmt" count="2"/>
      <line num="71" type="stmt" count="1"/>
      <line num="72" type="stmt" count="1"/>
      <line num="73" type="stmt" count="0"/>
      <line num="74" type="stmt" count="1"/>
      <line num="76" type="stmt" count="1"/>
      <line num="78" type="stmt" count="1"/>
      <metrics loc="77" ncloc="69" classes="1" methods="3" coveredmethods="0" conditionals="0" coveredconditionals="0" statements="49" coveredstatements="40" elements="52" coveredelements="40"/>
    </file>
    <file name="/var/www/html/kppl-leli/application/controllers/User.php">
      <class name="User" namespace="global">
        <metrics methods="6" coveredmethods="6" conditionals="0" coveredconditionals="0" statements="93" coveredstatements="83" elements="99" coveredelements="89"/>
      </class>
      <line num="2" type="stmt" count="1"/>
      <line num="6" type="method" name="__construct" crap="1" count="15"/>
      <line num="7" type="stmt" count="15"/>
      <line num="8" type="stmt" count="15"/>
      <line num="9" type="stmt" count="15"/>
      <line num="13" type="stmt" count="15"/>
      <line num="14" type="method" name="login" crap="1" count="1"/>
      <line num="15" type="stmt" count="1"/>
      <line num="16" type="stmt" count="1"/>
      <line num="17" type="method" name="signup" crap="1" count="6"/>
      <line num="18" type="stmt" count="1"/>
      <line num="19" type="stmt" count="1"/>
      <line num="20" type="method" name="dologin" crap="11.02" count="8"/>
      <line num="21" type="stmt" count="8"/>
      <line num="22" type="stmt" count="8"/>
      <line num="24" type="stmt" count="8"/>
      <line num="26" type="stmt" count="8"/>
      <line num="28" type="stmt" count="6"/>
      <line num="29" type="stmt" count="2"/>
      <line num="30" type="stmt" count="2"/>
      <line num="31" type="stmt" count="2"/>
      <line num="32" type="stmt" count="1"/>
      <line num="34" type="stmt" count="1"/>
      <line num="36" type="stmt" count="1"/>
      <line num="37" type="stmt" count="1"/>
      <line num="38" type="stmt" count="1"/>
      <line num="39" type="stmt" count="1"/>
      <line num="41" type="stmt" count="2"/>
      <line num="43" type="stmt" count="4"/>
      <line num="44" type="stmt" count="4"/>
      <line num="45" type="stmt" count="4"/>
      <line num="46" type="stmt" count="2"/>
      <line num="47" type="stmt" count="2"/>
      <line num="48" type="stmt" count="2"/>
      <line num="51" type="stmt" count="4"/>
      <line num="52" type="stmt" count="2"/>
      <line num="53" type="stmt" count="2"/>
      <line num="54" type="stmt" count="2"/>
      <line num="55" type="stmt" count="1"/>
      <line num="57" type="stmt" count="1"/>
      <line num="59" type="stmt" count="1"/>
      <line num="60" type="stmt" count="1"/>
      <line num="61" type="stmt" count="1"/>
      <line num="62" type="stmt" count="1"/>
      <line num="64" type="stmt" count="2"/>
      <line num="66" type="stmt" count="2"/>
      <line num="67" type="stmt" count="2"/>
      <line num="68" type="stmt" count="2"/>
      <line num="69" type="stmt" count="2"/>
      <line num="70" type="stmt" count="1"/>
      <line num="72" type="stmt" count="1"/>
      <line num="74" type="stmt" count="1"/>
      <line num="75" type="stmt" count="1"/>
      <line num="76" type="stmt" count="1"/>
      <line num="77" type="stmt" count="1"/>
      <line num="79" type="stmt" count="2"/>
      <line num="81" type="stmt" count="4"/>
      <line num="84" type="stmt" count="6"/>
      <line num="85" type="stmt" count="3"/>
      <line num="86" type="stmt" count="3"/>
      <line num="87" type="stmt" count="0"/>
      <line num="88" type="stmt" count="3"/>
      <line num="89" type="stmt" count="3"/>
      <line num="92" type="stmt" count="0"/>
      <line num="93" type="stmt" count="2"/>
      <line num="94" type="stmt" count="2"/>
      <line num="97" type="stmt" count="0"/>
      <line num="98" type="method" name="dosignup" crap="5.27" count="4"/>
      <line num="99" type="stmt" count="4"/>
      <line num="100" type="stmt" count="4"/>
      <line num="101" type="stmt" count="4"/>
      <line num="103" type="stmt" count="4"/>
      <line num="105" type="stmt" count="1"/>
      <line num="106" type="stmt" count="1"/>
      <line num="107" type="stmt" count="1"/>
      <line num="108" type="stmt" count="1"/>
      <line num="110" type="stmt" count="1"/>
      <line num="111" type="stmt" count="1"/>
      <line num="112" type="stmt" count="1"/>
      <line num="113" type="stmt" count="1"/>
      <line num="114" type="stmt" count="0"/>
      <line num="117" type="stmt" count="1"/>
      <line num="118" type="stmt" count="0"/>
      <line num="119" type="stmt" count="0"/>
      <line num="120" type="stmt" count="0"/>
      <line num="122" type="stmt" count="1"/>
      <line num="123" type="stmt" count="1"/>
      <line num="124" type="stmt" count="1"/>
      <line num="125" type="stmt" count="1"/>
      <line num="127" type="stmt" count="1"/>
      <line num="128" type="stmt" count="1"/>
      <line num="129" type="stmt" count="0"/>
      <line num="131" type="stmt" count="3"/>
      <line num="132" type="stmt" count="3"/>
      <line num="134" type="stmt" count="0"/>
      <line num="135" type="method" name="logout" crap="1.04" count="1"/>
      <line num="136" type="stmt" count="1"/>
      <line num="138" type="stmt" count="1"/>
      <line num="139" type="stmt" count="0"/>
      <line num="141" type="stmt" count="1"/>
      <line num="824" type="stmt" count="1"/>
      <metrics loc="140" ncloc="128" classes="1" methods="6" coveredmethods="3" conditionals="0" coveredconditionals="0" statements="94" coveredstatements="84" elements="100" coveredelements="87"/>
    </file>
    <file name="/var/www/html/kppl-leli/application/libraries/Bcrypt.php">
      <class name="Bcrypt" namespace="global">
        <metrics methods="10" coveredmethods="7" conditionals="0" coveredconditionals="0" statements="138" coveredstatements="66" elements="148" coveredelements="73"/>
      </class>
      <line num="46" type="method" name="__construct" crap="5" count="22"/>
      <line num="48" type="stmt" count="22"/>
      <line num="49" type="stmt" count="22"/>
      <line num="50" type="stmt" count="22"/>
      <line num="51" type="stmt" count="22"/>
      <line num="52" type="stmt" count="22"/>
      <line num="53" type="stmt" count="22"/>
      <line num="54" type="stmt" count="22"/>
      <line num="55" type="stmt" count="22"/>
      <line num="56" type="stmt" count="22"/>
      <line num="57" type="stmt" count="22"/>
      <line num="66" type="method" name="initialize" crap="4" count="22"/>
      <line num="68" type="stmt" count="22"/>
      <line num="69" type="stmt" count="22"/>
      <line num="70" type="stmt" count="22"/>
      <line num="72" type="stmt" count="22"/>
      <line num="73" type="stmt" count="22"/>
      <line num="74" type="stmt" count="22"/>
      <line num="75" type="stmt" count="22"/>
      <line num="76" type="stmt" count="22"/>
      <line num="77" type="stmt" count="22"/>
      <line num="78" type="stmt" count="22"/>
      <line num="79" type="method" name="get_random_bytes" crap="8.12" count="1"/>
      <line num="81" type="stmt" count="1"/>
      <line num="82" type="stmt" count="1"/>
      <line num="83" type="stmt" count="1"/>
      <line num="84" type="stmt" count="1"/>
      <line num="85" type="stmt" count="1"/>
      <line num="86" type="stmt" count="1"/>
      <line num="87" type="stmt" count="1"/>
      <line num="88" type="stmt" count="0"/>
      <line num="89" type="stmt" count="0"/>
      <line num="90" type="stmt" count="0"/>
      <line num="91" type="stmt" count="0"/>
      <line num="93" type="stmt" count="0"/>
      <line num="94" type="stmt" count="0"/>
      <line num="95" type="stmt" count="0"/>
      <line num="96" type="stmt" count="0"/>
      <line num="97" type="stmt" count="1"/>
      <line num="99" type="method" name="encode64" crap="42" count="0"/>
      <line num="101" type="stmt" count="0"/>
      <line num="102" type="stmt" count="0"/>
      <line num="104" type="stmt" count="0"/>
      <line num="105" type="stmt" count="0"/>
      <line num="106" type="stmt" count="0"/>
      <line num="107" type="stmt" count="0"/>
      <line num="108" type="stmt" count="0"/>
      <line num="109" type="stmt" count="0"/>
      <line num="110" type="stmt" count="0"/>
      <line num="111" type="stmt" count="0"/>
      <line num="112" type="stmt" count="0"/>
      <line num="113" type="stmt" count="0"/>
      <line num="114" type="stmt" count="0"/>
      <line num="115" type="stmt" count="0"/>
      <line num="116" type="stmt" count="0"/>
      <line num="117" type="stmt" count="0"/>
      <line num="118" type="stmt" count="0"/>
      <line num="120" type="method" name="gensalt_private" crap="6" count="0"/>
      <line num="122" type="stmt" count="0"/>
      <line num="123" type="stmt" count="0"/>
      <line num="124" type="stmt" count="0"/>
      <line num="125" type="stmt" count="0"/>
      <line num="126" type="stmt" count="0"/>
      <line num="128" type="method" name="crypt_private" crap="52.19" count="6"/>
      <line num="130" type="stmt" count="6"/>
      <line num="131" type="stmt" count="6"/>
      <line num="132" type="stmt" count="6"/>
      <line num="133" type="stmt" count="6"/>
      <line num="135" type="stmt" count="6"/>
      <line num="136" type="stmt" count="6"/>
      <line num="137" type="stmt" count="0"/>
      <line num="138" type="stmt" count="0"/>
      <line num="139" type="stmt" count="0"/>
      <line num="140" type="stmt" count="0"/>
      <line num="141" type="stmt" count="0"/>
      <line num="142" type="stmt" count="0"/>
      <line num="143" type="stmt" count="0"/>
      <line num="150" type="stmt" count="0"/>
      <line num="151" type="stmt" count="0"/>
      <line num="153" type="stmt" count="0"/>
      <line num="154" type="stmt" count="0"/>
      <line num="155" type="stmt" count="0"/>
      <line num="156" type="stmt" count="0"/>
      <line num="158" type="stmt" count="0"/>
      <line num="159" type="stmt" count="0"/>
      <line num="161" type="stmt" count="0"/>
      <line num="162" type="stmt" count="0"/>
      <line num="163" type="stmt" count="0"/>
      <line num="165" type="method" name="gensalt_extended" crap="2" count="0"/>
      <line num="167" type="stmt" count="0"/>
      <line num="170" type="stmt" count="0"/>
      <line num="171" type="stmt" count="0"/>
      <line num="172" type="stmt" count="0"/>
      <line num="173" type="stmt" count="0"/>
      <line num="174" type="stmt" count="0"/>
      <line num="175" type="stmt" count="0"/>
      <line num="176" type="stmt" count="0"/>
      <line num="177" type="stmt" count="0"/>
      <line num="179" type="method" name="gensalt_blowfish" crap="3" count="1"/>
      <line num="189" type="stmt" count="1"/>
      <line num="190" type="stmt" count="1"/>
      <line num="191" type="stmt" count="1"/>
      <line num="192" type="stmt" count="1"/>
      <line num="193" type="stmt" count="1"/>
      <line num="194" type="stmt" count="1"/>
      <line num="196" type="stmt" count="1"/>
      <line num="197" type="stmt" count="1"/>
      <line num="198" type="stmt" count="1"/>
      <line num="199" type="stmt" count="1"/>
      <line num="200" type="stmt" count="1"/>
      <line num="201" type="stmt" count="1"/>
      <line num="203" type="stmt" count="1"/>
      <line num="204" type="stmt" count="1"/>
      <line num="205" type="stmt" count="1"/>
      <line num="206" type="stmt" count="1"/>
      <line num="207" type="stmt" count="1"/>
      <line num="208" type="stmt" count="1"/>
      <line num="209" type="stmt" count="1"/>
      <line num="210" type="stmt" count="1"/>
      <line num="211" type="stmt" count="1"/>
      <line num="212" type="stmt" count="1"/>
      <line num="214" type="method" name="hash_password" crap="46.44" count="1"/>
      <line num="216" type="stmt" count="1"/>
      <line num="217" type="stmt" count="1"/>
      <line num="218" type="stmt" count="1"/>
      <line num="220" type="stmt" count="1"/>
      <line num="221" type="stmt" count="1"/>
      <line num="222" type="stmt" count="1"/>
      <line num="223" type="stmt" count="0"/>
      <line num="224" type="stmt" count="0"/>
      <line num="225" type="stmt" count="0"/>
      <line num="226" type="stmt" count="0"/>
      <line num="228" type="stmt" count="0"/>
      <line num="229" type="stmt" count="0"/>
      <line num="230" type="stmt" count="0"/>
      <line num="231" type="stmt" count="0"/>
      <line num="232" type="stmt" count="0"/>
      <line num="233" type="stmt" count="0"/>
      <line num="235" type="stmt" count="0"/>
      <line num="236" type="stmt" count="0"/>
      <line num="237" type="stmt" count="0"/>
      <line num="238" type="stmt" count="0"/>
      <line num="242" type="stmt" count="0"/>
      <line num="244" type="method" name="check_password" crap="2" count="6"/>
      <line num="246" type="stmt" count="6"/>
      <line num="247" type="stmt" count="6"/>
      <line num="248" type="stmt" count="6"/>
      <line num="249" type="stmt" count="6"/>
      <line num="253" type="stmt" count="1"/>
      <metrics loc="252" ncloc="165" classes="1" methods="10" coveredmethods="4" conditionals="0" coveredconditionals="0" statements="138" coveredstatements="66" elements="148" coveredelements="70"/>
    </file>
    <file name="/var/www/html/kppl-leli/application/libraries/Seeder.php">
      <class name="Seeder" namespace="global">
        <metrics methods="4" coveredmethods="0" conditionals="0" coveredconditionals="0" statements="27" coveredstatements="0" elements="31" coveredelements="0"/>
      </class>
      <line num="18" type="method" name="__construct" crap="2" count="0"/>
      <line num="19" type="stmt" count="0"/>
      <line num="20" type="stmt" count="0"/>
      <line num="21" type="stmt" count="0"/>
      <line num="22" type="stmt" count="0"/>
      <line num="23" type="stmt" count="0"/>
      <line num="24" type="stmt" count="0"/>
      <line num="25" type="stmt" count="0"/>
      <line num="32" type="method" name="call" crap="6" count="0"/>
      <line num="33" type="stmt" count="0"/>
      <line num="34" type="stmt" count="0"/>
      <line num="35" type="stmt" count="0"/>
      <line num="36" type="stmt" count="0"/>
      <line num="37" type="stmt" count="0"/>
      <line num="39" type="stmt" count="0"/>
      <line num="40" type="stmt" count="0"/>
      <line num="42" type="stmt" count="0"/>
      <line num="43" type="stmt" count="0"/>
      <line num="44" type="stmt" count="0"/>
      <line num="51" type="method" name="setPath" crap="2" count="0"/>
      <line num="52" type="stmt" count="0"/>
      <line num="53" type="stmt" count="0"/>
      <line num="54" type="stmt" count="0"/>
      <line num="56" type="method" name="__get" crap="2" count="0"/>
      <line num="57" type="stmt" count="0"/>
      <line num="58" type="stmt" count="0"/>
      <line num="59" type="stmt" count="0"/>
      <metrics loc="60" ncloc="42" classes="1" methods="4" coveredmethods="0" conditionals="0" coveredconditionals="0" statements="27" coveredstatements="0" elements="31" coveredelements="0"/>
    </file>
    <file name="/var/www/html/kppl-leli/application/libraries/Session/MY_Session.php">
      <class name="MY_Session" namespace="global" fullPackage="MY">
        <metrics methods="2" coveredmethods="0" conditionals="0" coveredconditionals="0" statements="18" coveredstatements="0" elements="20" coveredelements="0"/>
      </class>
      <line num="5" type="method" name="__construct" crap="6" count="0"/>
      <line num="6" type="stmt" count="0"/>
      <line num="7" type="stmt" count="0"/>
      <line num="8" type="stmt" count="0"/>
      <line num="9" type="stmt" count="0"/>
      <line num="10" type="stmt" count="0"/>
      <line num="11" type="stmt" count="0"/>
      <line num="13" type="stmt" count="0"/>
      <line num="14" type="stmt" count="0"/>
      <line num="16" type="method" name="sess_destroy" crap="6" count="0"/>
      <line num="17" type="stmt" count="0"/>
      <line num="18" type="stmt" count="0"/>
      <line num="19" type="stmt" count="0"/>
      <line num="20" type="stmt" count="0"/>
      <line num="21" type="stmt" count="0"/>
      <line num="22" type="stmt" count="0"/>
      <line num="24" type="stmt" count="0"/>
      <line num="25" type="stmt" count="0"/>
      <metrics loc="26" ncloc="26" classes="1" methods="2" coveredmethods="0" conditionals="0" coveredconditionals="0" statements="18" coveredstatements="0" elements="20" coveredelements="0"/>
    </file>
    <file name="/var/www/html/kppl-leli/application/models/GeneralModel.php">
      <class name="GeneralModel" namespace="global">
        <metrics methods="7" coveredmethods="7" conditionals="0" coveredconditionals="0" statements="28" coveredstatements="27" elements="35" coveredelements="34"/>
      </class>
      <line num="4" type="method" name="create" crap="2.06" count="6"/>
      <line num="5" type="stmt" count="6"/>
      <line num="6" type="stmt" count="6"/>
      <line num="7" type="stmt" count="6"/>
      <line num="9" type="stmt" count="0"/>
      <line num="10" type="method" name="getItem" crap="2" count="1"/>
      <line num="11" type="stmt" count="1"/>
      <line num="12" type="stmt" count="1"/>
      <line num="13" type="stmt" count="1"/>
      <line num="14" type="stmt" count="1"/>
      <line num="16" type="method" name="update" crap="1" count="2"/>
      <line num="17" type="stmt" count="2"/>
      <line num="18" type="stmt" count="2"/>
      <line num="19" type="stmt" count="2"/>
      <line num="20" type="method" name="destroy" crap="1" count="3"/>
      <line num="21" type="stmt" count="3"/>
      <line num="22" type="stmt" count="3"/>
      <line num="23" type="stmt" count="3"/>
      <line num="24" type="method" name="getByParam" crap="2" count="9"/>
      <line num="25" type="stmt" count="9"/>
      <line num="26" type="stmt" count="9"/>
      <line num="27" type="stmt" count="9"/>
      <line num="28" type="stmt" count="9"/>
      <line num="29" type="stmt" count="9"/>
      <line num="31" type="method" name="query" crap="2" count="12"/>
      <line num="32" type="stmt" count="12"/>
      <line num="33" type="stmt" count="12"/>
      <line num="35" type="method" name="getPenawaran" crap="2" count="2"/>
      <line num="36" type="stmt" count="2"/>
      <line num="37" type="stmt" count="2"/>
      <line num="38" type="stmt" count="2"/>
      <line num="39" type="stmt" count="2"/>
      <line num="40" type="stmt" count="2"/>
      <line num="41" type="stmt" count="2"/>
      <line num="42" type="stmt" count="2"/>
      <metrics loc="46" ncloc="46" classes="1" methods="7" coveredmethods="6" conditionals="0" coveredconditionals="0" statements="28" coveredstatements="27" elements="35" coveredelements="33"/>
    </file>
    <file name="/var/www/html/kppl-leli/application/models/UserModel.php">
      <class name="UserModel" namespace="global">
        <metrics methods="5" coveredmethods="5" conditionals="0" coveredconditionals="0" statements="21" coveredstatements="20" elements="26" coveredelements="25"/>
      </class>
      <line num="4" type="method" name="create" crap="2.06" count="2"/>
      <line num="5" type="stmt" count="2"/>
      <line num="6" type="stmt" count="2"/>
      <line num="7" type="stmt" count="2"/>
      <line num="9" type="stmt" count="0"/>
      <line num="10" type="method" name="view" crap="2" count="1"/>
      <line num="11" type="stmt" count="1"/>
      <line num="12" type="stmt" count="1"/>
      <line num="13" type="stmt" count="1"/>
      <line num="14" type="stmt" count="1"/>
      <line num="16" type="method" name="authentication" crap="2" count="7"/>
      <line num="17" type="stmt" count="7"/>
      <line num="18" type="stmt" count="7"/>
      <line num="19" type="stmt" count="7"/>
      <line num="20" type="stmt" count="7"/>
      <line num="21" type="stmt" count="7"/>
      <line num="23" type="method" name="getByParam" crap="2" count="8"/>
      <line num="24" type="stmt" count="8"/>
      <line num="25" type="stmt" count="8"/>
      <line num="26" type="stmt" count="8"/>
      <line num="27" type="stmt" count="8"/>
      <line num="28" type="stmt" count="8"/>
      <line num="30" type="method" name="destroy" crap="1" count="1"/>
      <line num="31" type="stmt" count="1"/>
      <line num="32" type="stmt" count="1"/>
      <line num="33" type="stmt" count="1"/>
      <metrics loc="36" ncloc="36" classes="1" methods="5" coveredmethods="4" conditionals="0" coveredconditionals="0" statements="21" coveredstatements="20" elements="26" coveredelements="24"/>
    </file>
    <metrics files="13" loc="1001" ncloc="794" classes="13" methods="61" coveredmethods="31" conditionals="0" coveredconditionals="0" statements="593" coveredstatements="444" elements="654" coveredelements="475"/>
  </project>
</coverage>
